#
# There is insufficient memory for the Java Runtime Environment to continue.
# Native memory allocation (malloc) failed to allocate 1014576 bytes for Chunk::new
# Possible reasons:
#   The system is out of physical RAM or swap space
#   The process is running with CompressedOops enabled, and the Java Heap may be blocking the growth of the native heap
# Possible solutions:
#   Reduce memory load on the system
#   Increase physical memory or swap space
#   Check if swap backing store is full
#   Decrease Java heap size (-Xmx/-Xms)
#   Decrease number of Java threads
#   Decrease Java thread stack sizes (-Xss)
#   Set larger code cache with -XX:ReservedCodeCacheSize=
#   JVM is running with Unscaled Compressed Oops mode in which the Java heap is
#     placed in the first 4GB address space. The Java Heap base address is the
#     maximum limit for the native heap growth. Please use -XX:HeapBaseMinAddress
#     to set the Java Heap base and to place the Java Heap above 4GB virtual address.
# This output file may be truncated or incomplete.
#
#  Out of Memory Error (t:/workspace/open/src/hotspot/share/memory/arena.cpp:197), pid=11656, tid=7632
#
# JRE version: OpenJDK Runtime Environment (11.0.2+9) (build 11.0.2+9)
# Java VM: OpenJDK 64-Bit Server VM (11.0.2+9, mixed mode, tiered, compressed oops, g1 gc, windows-amd64)
# No core dump will be written. Minidumps are not enabled by default on client versions of Windows
#

---------------  S U M M A R Y ------------

Command Line: -javaagent:C:\Program Files\JetBrains\IntelliJ IDEA Community Edition 2018.3.6\lib\idea_rt.jar=61251:C:\Program Files\JetBrains\IntelliJ IDEA Community Edition 2018.3.6\bin -Dfile.encoding=UTF-8 mouseOverExplanation

Host: 11th Gen Intel(R) Core(TM) i5-1135G7 @ 2.40GHz, 8 cores, 7G,  Windows 10 , 64 bit Build 22621 (10.0.22621.5124)
Time: Mon Apr 14 22:17:19 2025 India Standard Time elapsed time: 3 seconds (0d 0h 0m 3s)

---------------  T H R E A D  ---------------

Current thread (0x00000263d45e8000):  JavaThread "C2 CompilerThread1" daemon [_thread_in_native, id=7632, stack(0x000000701dc00000,0x000000701dd00000)]


Current CompileTask:
C2:   3599 1823       4       java.lang.invoke.MethodType::makeImpl (108 bytes)

Stack: [0x000000701dc00000,0x000000701dd00000]
Native frames: (J=compiled Java code, j=interpreted, Vv=VM code, C=native code)
V  [jvm.dll+0x63489a]
V  [jvm.dll+0x771f9f]
V  [jvm.dll+0x773648]
V  [jvm.dll+0x773d03]
V  [jvm.dll+0x25eba8]
V  [jvm.dll+0xc2191]
V  [jvm.dll+0xc271c]
V  [jvm.dll+0x36cc02]
V  [jvm.dll+0x1a95df]
V  [jvm.dll+0x218ad2]
V  [jvm.dll+0x217b6a]
V  [jvm.dll+0x194370]
V  [jvm.dll+0x226b3f]
V  [jvm.dll+0x225148]
V  [jvm.dll+0x73774d]
V  [jvm.dll+0x633942]
C  [ucrtbase.dll+0x29333]
C  [KERNEL32.DLL+0x1259d]
C  [ntdll.dll+0x5af38]


---------------  P R O C E S S  ---------------

Threads class SMR info:
_java_thread_list=0x00000263d41ab6e0, length=24, elements={
0x00000263b3814000, 0x00000263d2b22800, 0x00000263d2b2b000, 0x00000263d2b36800,
0x00000263d2b37800, 0x00000263d2b39000, 0x00000263d2b3c000, 0x00000263d2b3e800,
0x00000263d22b1000, 0x00000263d327e000, 0x00000263d3236000, 0x00000263d3634800,
0x00000263d3e5b800, 0x00000263d3efe800, 0x00000263d3e5c800, 0x00000263d3f77800,
0x00000263d401b000, 0x00000263d3ed6800, 0x00000263d3f07800, 0x00000263d3fa8800,
0x00000263d441d800, 0x00000263d4420000, 0x00000263d441a800, 0x00000263d45e8000
}

Java Threads: ( => current thread )
  0x00000263b3814000 JavaThread "Forwarding newSession on session null to remote" [_thread_blocked, id=21960, stack(0x000000701ba00000,0x000000701bb00000)]
  0x00000263d2b22800 JavaThread "Reference Handler" daemon [_thread_blocked, id=27072, stack(0x000000701c100000,0x000000701c200000)]
  0x00000263d2b2b000 JavaThread "Finalizer" daemon [_thread_blocked, id=10636, stack(0x000000701c200000,0x000000701c300000)]
  0x00000263d2b36800 JavaThread "Signal Dispatcher" daemon [_thread_blocked, id=4924, stack(0x000000701c300000,0x000000701c400000)]
  0x00000263d2b37800 JavaThread "Attach Listener" daemon [_thread_blocked, id=25868, stack(0x000000701c400000,0x000000701c500000)]
  0x00000263d2b39000 JavaThread "C2 CompilerThread0" daemon [_thread_in_native, id=1468, stack(0x000000701c500000,0x000000701c600000)]
  0x00000263d2b3c000 JavaThread "C1 CompilerThread0" daemon [_thread_blocked, id=10504, stack(0x000000701c600000,0x000000701c700000)]
  0x00000263d2b3e800 JavaThread "Sweeper thread" daemon [_thread_blocked, id=31640, stack(0x000000701c700000,0x000000701c800000)]
  0x00000263d22b1000 JavaThread "Common-Cleaner" daemon [_thread_blocked, id=15860, stack(0x000000701c800000,0x000000701c900000)]
  0x00000263d327e000 JavaThread "Monitor Ctrl-Break" daemon [_thread_in_native, id=23440, stack(0x000000701ca00000,0x000000701cb00000)]
  0x00000263d3236000 JavaThread "Service Thread" daemon [_thread_blocked, id=1752, stack(0x000000701cb00000,0x000000701cc00000)]
  0x00000263d3634800 JavaThread "ForkJoinPool.commonPool-worker-3" daemon [_thread_blocked, id=23408, stack(0x000000701c900000,0x000000701ca00000)]
  0x00000263d3e5b800 JavaThread "HttpClient-1-SelectorManager" daemon [_thread_in_native, id=30280, stack(0x000000701cf00000,0x000000701d000000)]
  0x00000263d3efe800 JavaThread "External Process Output Forwarder - C:\Users\91918\.cache\selenium\msedgedriver\win64\135.0.3179.73\msedgedriver.exe" daemon [_thread_in_native, id=20540, stack(0x000000701d000000,0x000000701d100000)]
  0x00000263d3e5c800 JavaThread "Driver Service Executor" daemon [_thread_blocked, id=32128, stack(0x000000701d100000,0x000000701d200000)]
  0x00000263d3f77800 JavaThread "Driver Service Executor" daemon [_thread_in_native, id=29048, stack(0x000000701d200000,0x000000701d300000)]
  0x00000263d401b000 JavaThread "UrlChecker-2" daemon [_thread_blocked, id=19788, stack(0x000000701d300000,0x000000701d400000)]
  0x00000263d3ed6800 JavaThread "Keep-Alive-Timer" daemon [_thread_blocked, id=31276, stack(0x000000701d500000,0x000000701d600000)]
  0x00000263d3f07800 JavaThread "JdkHttpClient-0-0" daemon [_thread_blocked, id=26368, stack(0x000000701d600000,0x000000701d700000)]
  0x00000263d3fa8800 JavaThread "CompletableFutureDelayScheduler" daemon [_thread_blocked, id=6536, stack(0x000000701d700000,0x000000701d800000)]
  0x00000263d441d800 JavaThread "JdkHttpClient-0-1" daemon [_thread_blocked, id=32488, stack(0x000000701d900000,0x000000701da00000)]
  0x00000263d4420000 JavaThread "JdkHttpClient-0-2" daemon [_thread_blocked, id=16524, stack(0x000000701da00000,0x000000701db00000)]
  0x00000263d441a800 JavaThread "JdkHttpClient-0-3" daemon [_thread_blocked, id=32508, stack(0x000000701db00000,0x000000701dc00000)]
=>0x00000263d45e8000 JavaThread "C2 CompilerThread1" daemon [_thread_in_native, id=7632, stack(0x000000701dc00000,0x000000701dd00000)]

Other Threads:
  0x00000263d22f6000 VMThread "VM Thread" [stack: 0x000000701c000000,0x000000701c100000] [id=22356]
  0x00000263d2efd800 WatcherThread [stack: 0x000000701cc00000,0x000000701cd00000] [id=11712]
  0x00000263b382b800 GCTaskThread "GC Thread#0" [stack: 0x000000701bb00000,0x000000701bc00000] [id=22352]
  0x00000263d34e2800 GCTaskThread "GC Thread#1" [stack: 0x000000701cd00000,0x000000701ce00000] [id=9248]
  0x00000263d34d7000 GCTaskThread "GC Thread#2" [stack: 0x000000701ce00000,0x000000701cf00000] [id=26336]
  0x00000263b385f800 ConcurrentGCThread "G1 Main Marker" [stack: 0x000000701bc00000,0x000000701bd00000] [id=32268]
  0x00000263b3860800 ConcurrentGCThread "G1 Conc#0" [stack: 0x000000701bd00000,0x000000701be00000] [id=28252]
  0x00000263d34dc000 ConcurrentGCThread "G1 Conc#1" [stack: 0x000000701d800000,0x000000701d900000] [id=8444]
  0x00000263d2159800 ConcurrentGCThread "G1 Refine#0" [stack: 0x000000701be00000,0x000000701bf00000] [id=6092]
  0x00000263d215a800 ConcurrentGCThread "G1 Young RemSet Sampling" [stack: 0x000000701bf00000,0x000000701c000000] [id=25092]

Threads with active compile tasks:
C2 CompilerThread01748       4       java.lang.invoke.LambdaForm$Name::replaceNames (174 bytes)
C2 CompilerThread11823       4       java.lang.invoke.MethodType::makeImpl (108 bytes)

VM state:not at safepoint (normal execution)

VM Mutex/Monitor currently owned by a thread: None

Heap address: 0x0000000083600000, size: 1994 MB, Compressed Oops mode: 32-bit
Narrow klass base: 0x0000000000000000, Narrow klass shift: 3
Compressed class space size: 1073741824 Address: 0x0000000100000000

Heap:
 garbage-first heap   total 129024K, used 11248K [0x0000000083600000, 0x0000000100000000)
  region size 1024K, 9 young (9216K), 7 survivors (7168K)
 Metaspace       used 20714K, capacity 21432K, committed 21632K, reserved 1069056K
  class space    used 2273K, capacity 2571K, committed 2688K, reserved 1048576K
Heap Regions: E=young(eden), S=young(survivor), O=old, HS=humongous(starts), HC=humongous(continues), CS=collection set, F=free, A=archive, TAMS=top-at-mark-start (previous, next)
|   0|0x0000000083600000, 0x0000000083700000, 0x0000000083700000|100%|HS|  |TAMS 0x0000000083700000, 0x0000000083600000| Complete 
|   1|0x0000000083700000, 0x0000000083800000, 0x0000000083800000|100%|HS|  |TAMS 0x0000000083800000, 0x0000000083700000| Complete 
|   2|0x0000000083800000, 0x0000000083800000, 0x0000000083900000|  0%| F|  |TAMS 0x0000000083800000, 0x0000000083800000| Untracked 
|   3|0x0000000083900000, 0x0000000083a00000, 0x0000000083a00000|100%| O|  |TAMS 0x0000000083a00000, 0x0000000083900000| Untracked 
|   4|0x0000000083a00000, 0x0000000083a65400, 0x0000000083b00000| 39%| O|  |TAMS 0x0000000083a65400, 0x0000000083a00000| Untracked 
|   5|0x0000000083b00000, 0x0000000083b00000, 0x0000000083c00000|  0%| F|  |TAMS 0x0000000083b00000, 0x0000000083b00000| Untracked 
|   6|0x0000000083c00000, 0x0000000083c00000, 0x0000000083d00000|  0%| F|  |TAMS 0x0000000083c00000, 0x0000000083c00000| Untracked 
|   7|0x0000000083d00000, 0x0000000083d00000, 0x0000000083e00000|  0%| F|  |TAMS 0x0000000083d00000, 0x0000000083d00000| Untracked 
|   8|0x0000000083e00000, 0x0000000083e00000, 0x0000000083f00000|  0%| F|  |TAMS 0x0000000083e00000, 0x0000000083e00000| Untracked 
|   9|0x0000000083f00000, 0x0000000083f00000, 0x0000000084000000|  0%| F|  |TAMS 0x0000000083f00000, 0x0000000083f00000| Untracked 
|  10|0x0000000084000000, 0x0000000084000000, 0x0000000084100000|  0%| F|  |TAMS 0x0000000084000000, 0x0000000084000000| Untracked 
|  11|0x0000000084100000, 0x0000000084100000, 0x0000000084200000|  0%| F|  |TAMS 0x0000000084100000, 0x0000000084100000| Untracked 
|  12|0x0000000084200000, 0x0000000084200000, 0x0000000084300000|  0%| F|  |TAMS 0x0000000084200000, 0x0000000084200000| Untracked 
|  13|0x0000000084300000, 0x0000000084300000, 0x0000000084400000|  0%| F|  |TAMS 0x0000000084300000, 0x0000000084300000| Untracked 
|  14|0x0000000084400000, 0x0000000084400000, 0x0000000084500000|  0%| F|  |TAMS 0x0000000084400000, 0x0000000084400000| Untracked 
|  15|0x0000000084500000, 0x0000000084500000, 0x0000000084600000|  0%| F|  |TAMS 0x0000000084500000, 0x0000000084500000| Untracked 
|  16|0x0000000084600000, 0x0000000084600000, 0x0000000084700000|  0%| F|  |TAMS 0x0000000084600000, 0x0000000084600000| Untracked 
|  17|0x0000000084700000, 0x0000000084700000, 0x0000000084800000|  0%| F|  |TAMS 0x0000000084700000, 0x0000000084700000| Untracked 
|  18|0x0000000084800000, 0x0000000084800000, 0x0000000084900000|  0%| F|  |TAMS 0x0000000084800000, 0x0000000084800000| Untracked 
|  19|0x0000000084900000, 0x0000000084900000, 0x0000000084a00000|  0%| F|  |TAMS 0x0000000084900000, 0x0000000084900000| Untracked 
|  20|0x0000000084a00000, 0x0000000084a00000, 0x0000000084b00000|  0%| F|  |TAMS 0x0000000084a00000, 0x0000000084a00000| Untracked 
|  21|0x0000000084b00000, 0x0000000084b00000, 0x0000000084c00000|  0%| F|  |TAMS 0x0000000084b00000, 0x0000000084b00000| Untracked 
|  22|0x0000000084c00000, 0x0000000084c00000, 0x0000000084d00000|  0%| F|  |TAMS 0x0000000084c00000, 0x0000000084c00000| Untracked 
|  23|0x0000000084d00000, 0x0000000084d00000, 0x0000000084e00000|  0%| F|  |TAMS 0x0000000084d00000, 0x0000000084d00000| Untracked 
|  24|0x0000000084e00000, 0x0000000084e00000, 0x0000000084f00000|  0%| F|  |TAMS 0x0000000084e00000, 0x0000000084e00000| Untracked 
|  25|0x0000000084f00000, 0x0000000084f00000, 0x0000000085000000|  0%| F|  |TAMS 0x0000000084f00000, 0x0000000084f00000| Untracked 
|  26|0x0000000085000000, 0x0000000085000000, 0x0000000085100000|  0%| F|  |TAMS 0x0000000085000000, 0x0000000085000000| Untracked 
|  27|0x0000000085100000, 0x0000000085100000, 0x0000000085200000|  0%| F|  |TAMS 0x0000000085100000, 0x0000000085100000| Untracked 
|  28|0x0000000085200000, 0x0000000085200000, 0x0000000085300000|  0%| F|  |TAMS 0x0000000085200000, 0x0000000085200000| Untracked 
|  29|0x0000000085300000, 0x0000000085300000, 0x0000000085400000|  0%| F|  |TAMS 0x0000000085300000, 0x0000000085300000| Untracked 
|  30|0x0000000085400000, 0x0000000085400000, 0x0000000085500000|  0%| F|  |TAMS 0x0000000085400000, 0x0000000085400000| Untracked 
|  31|0x0000000085500000, 0x0000000085500000, 0x0000000085600000|  0%| F|  |TAMS 0x0000000085500000, 0x0000000085500000| Untracked 
|  32|0x0000000085600000, 0x0000000085600000, 0x0000000085700000|  0%| F|  |TAMS 0x0000000085600000, 0x0000000085600000| Untracked 
|  33|0x0000000085700000, 0x0000000085700000, 0x0000000085800000|  0%| F|  |TAMS 0x0000000085700000, 0x0000000085700000| Untracked 
|  34|0x0000000085800000, 0x0000000085800000, 0x0000000085900000|  0%| F|  |TAMS 0x0000000085800000, 0x0000000085800000| Untracked 
|  35|0x0000000085900000, 0x0000000085900000, 0x0000000085a00000|  0%| F|  |TAMS 0x0000000085900000, 0x0000000085900000| Untracked 
|  36|0x0000000085a00000, 0x0000000085a00000, 0x0000000085b00000|  0%| F|  |TAMS 0x0000000085a00000, 0x0000000085a00000| Untracked 
|  37|0x0000000085b00000, 0x0000000085b00000, 0x0000000085c00000|  0%| F|  |TAMS 0x0000000085b00000, 0x0000000085b00000| Untracked 
|  38|0x0000000085c00000, 0x0000000085c00000, 0x0000000085d00000|  0%| F|  |TAMS 0x0000000085c00000, 0x0000000085c00000| Untracked 
|  39|0x0000000085d00000, 0x0000000085d00000, 0x0000000085e00000|  0%| F|  |TAMS 0x0000000085d00000, 0x0000000085d00000| Untracked 
|  40|0x0000000085e00000, 0x0000000085e00000, 0x0000000085f00000|  0%| F|  |TAMS 0x0000000085e00000, 0x0000000085e00000| Untracked 
|  41|0x0000000085f00000, 0x0000000085f00000, 0x0000000086000000|  0%| F|  |TAMS 0x0000000085f00000, 0x0000000085f00000| Untracked 
|  42|0x0000000086000000, 0x0000000086000000, 0x0000000086100000|  0%| F|  |TAMS 0x0000000086000000, 0x0000000086000000| Untracked 
|  43|0x0000000086100000, 0x0000000086100000, 0x0000000086200000|  0%| F|  |TAMS 0x0000000086100000, 0x0000000086100000| Untracked 
|  44|0x0000000086200000, 0x0000000086200000, 0x0000000086300000|  0%| F|  |TAMS 0x0000000086200000, 0x0000000086200000| Untracked 
|  45|0x0000000086300000, 0x0000000086300000, 0x0000000086400000|  0%| F|  |TAMS 0x0000000086300000, 0x0000000086300000| Untracked 
|  46|0x0000000086400000, 0x0000000086400000, 0x0000000086500000|  0%| F|  |TAMS 0x0000000086400000, 0x0000000086400000| Untracked 
|  47|0x0000000086500000, 0x0000000086500000, 0x0000000086600000|  0%| F|  |TAMS 0x0000000086500000, 0x0000000086500000| Untracked 
|  48|0x0000000086600000, 0x0000000086600000, 0x0000000086700000|  0%| F|  |TAMS 0x0000000086600000, 0x0000000086600000| Untracked 
|  49|0x0000000086700000, 0x0000000086700000, 0x0000000086800000|  0%| F|  |TAMS 0x0000000086700000, 0x0000000086700000| Untracked 
|  50|0x0000000086800000, 0x0000000086800000, 0x0000000086900000|  0%| F|  |TAMS 0x0000000086800000, 0x0000000086800000| Untracked 
|  51|0x0000000086900000, 0x0000000086900000, 0x0000000086a00000|  0%| F|  |TAMS 0x0000000086900000, 0x0000000086900000| Untracked 
|  52|0x0000000086a00000, 0x0000000086a00000, 0x0000000086b00000|  0%| F|  |TAMS 0x0000000086a00000, 0x0000000086a00000| Untracked 
|  53|0x0000000086b00000, 0x0000000086b00000, 0x0000000086c00000|  0%| F|  |TAMS 0x0000000086b00000, 0x0000000086b00000| Untracked 
|  54|0x0000000086c00000, 0x0000000086c00000, 0x0000000086d00000|  0%| F|  |TAMS 0x0000000086c00000, 0x0000000086c00000| Untracked 
|  55|0x0000000086d00000, 0x0000000086d00000, 0x0000000086e00000|  0%| F|  |TAMS 0x0000000086d00000, 0x0000000086d00000| Untracked 
|  56|0x0000000086e00000, 0x0000000086e00000, 0x0000000086f00000|  0%| F|  |TAMS 0x0000000086e00000, 0x0000000086e00000| Untracked 
|  57|0x0000000086f00000, 0x0000000086f00000, 0x0000000087000000|  0%| F|  |TAMS 0x0000000086f00000, 0x0000000086f00000| Untracked 
|  58|0x0000000087000000, 0x0000000087000000, 0x0000000087100000|  0%| F|  |TAMS 0x0000000087000000, 0x0000000087000000| Untracked 
|  59|0x0000000087100000, 0x0000000087100000, 0x0000000087200000|  0%| F|  |TAMS 0x0000000087100000, 0x0000000087100000| Untracked 
|  60|0x0000000087200000, 0x0000000087200000, 0x0000000087300000|  0%| F|  |TAMS 0x0000000087200000, 0x0000000087200000| Untracked 
|  61|0x0000000087300000, 0x0000000087300000, 0x0000000087400000|  0%| F|  |TAMS 0x0000000087300000, 0x0000000087300000| Untracked 
|  62|0x0000000087400000, 0x0000000087400000, 0x0000000087500000|  0%| F|  |TAMS 0x0000000087400000, 0x0000000087400000| Untracked 
|  63|0x0000000087500000, 0x0000000087500000, 0x0000000087600000|  0%| F|  |TAMS 0x0000000087500000, 0x0000000087500000| Untracked 
|  64|0x0000000087600000, 0x0000000087600000, 0x0000000087700000|  0%| F|  |TAMS 0x0000000087600000, 0x0000000087600000| Untracked 
|  65|0x0000000087700000, 0x0000000087700000, 0x0000000087800000|  0%| F|  |TAMS 0x0000000087700000, 0x0000000087700000| Untracked 
|  66|0x0000000087800000, 0x0000000087800000, 0x0000000087900000|  0%| F|  |TAMS 0x0000000087800000, 0x0000000087800000| Untracked 
|  67|0x0000000087900000, 0x0000000087900000, 0x0000000087a00000|  0%| F|  |TAMS 0x0000000087900000, 0x0000000087900000| Untracked 
|  68|0x0000000087a00000, 0x0000000087a00000, 0x0000000087b00000|  0%| F|  |TAMS 0x0000000087a00000, 0x0000000087a00000| Untracked 
|  69|0x0000000087b00000, 0x0000000087b00000, 0x0000000087c00000|  0%| F|  |TAMS 0x0000000087b00000, 0x0000000087b00000| Untracked 
|  70|0x0000000087c00000, 0x0000000087c00000, 0x0000000087d00000|  0%| F|  |TAMS 0x0000000087c00000, 0x0000000087c00000| Untracked 
|  71|0x0000000087d00000, 0x0000000087d00000, 0x0000000087e00000|  0%| F|  |TAMS 0x0000000087d00000, 0x0000000087d00000| Untracked 
|  72|0x0000000087e00000, 0x0000000087e00000, 0x0000000087f00000|  0%| F|  |TAMS 0x0000000087e00000, 0x0000000087e00000| Untracked 
|  73|0x0000000087f00000, 0x0000000087f00000, 0x0000000088000000|  0%| F|  |TAMS 0x0000000087f00000, 0x0000000087f00000| Untracked 
|  74|0x0000000088000000, 0x0000000088000000, 0x0000000088100000|  0%| F|  |TAMS 0x0000000088000000, 0x0000000088000000| Untracked 
|  75|0x0000000088100000, 0x0000000088100000, 0x0000000088200000|  0%| F|  |TAMS 0x0000000088100000, 0x0000000088100000| Untracked 
|  76|0x0000000088200000, 0x0000000088200000, 0x0000000088300000|  0%| F|  |TAMS 0x0000000088200000, 0x0000000088200000| Untracked 
|  77|0x0000000088300000, 0x0000000088300000, 0x0000000088400000|  0%| F|  |TAMS 0x0000000088300000, 0x0000000088300000| Untracked 
|  78|0x0000000088400000, 0x0000000088400000, 0x0000000088500000|  0%| F|  |TAMS 0x0000000088400000, 0x0000000088400000| Untracked 
|  79|0x0000000088500000, 0x0000000088500000, 0x0000000088600000|  0%| F|  |TAMS 0x0000000088500000, 0x0000000088500000| Untracked 
|  80|0x0000000088600000, 0x0000000088600000, 0x0000000088700000|  0%| F|  |TAMS 0x0000000088600000, 0x0000000088600000| Untracked 
|  81|0x0000000088700000, 0x0000000088796d20, 0x0000000088800000| 58%| S|CS|TAMS 0x0000000088700000, 0x0000000088700000| Complete 
|  82|0x0000000088800000, 0x0000000088900000, 0x0000000088900000|100%| S|CS|TAMS 0x0000000088800000, 0x0000000088800000| Complete 
|  83|0x0000000088900000, 0x0000000088a00000, 0x0000000088a00000|100%| S|CS|TAMS 0x0000000088900000, 0x0000000088900000| Complete 
|  84|0x0000000088a00000, 0x0000000088b00000, 0x0000000088b00000|100%| S|CS|TAMS 0x0000000088a00000, 0x0000000088a00000| Complete 
|  85|0x0000000088b00000, 0x0000000088c00000, 0x0000000088c00000|100%| S|CS|TAMS 0x0000000088b00000, 0x0000000088b00000| Complete 
|  86|0x0000000088c00000, 0x0000000088d00000, 0x0000000088d00000|100%| S|CS|TAMS 0x0000000088c00000, 0x0000000088c00000| Complete 
|  87|0x0000000088d00000, 0x0000000088e00000, 0x0000000088e00000|100%| S|CS|TAMS 0x0000000088d00000, 0x0000000088d00000| Complete 
|  88|0x0000000088e00000, 0x0000000088e00000, 0x0000000088f00000|  0%| F|  |TAMS 0x0000000088e00000, 0x0000000088e00000| Untracked 
|  89|0x0000000088f00000, 0x0000000088f00000, 0x0000000089000000|  0%| F|  |TAMS 0x0000000088f00000, 0x0000000088f00000| Untracked 
|  90|0x0000000089000000, 0x0000000089000000, 0x0000000089100000|  0%| F|  |TAMS 0x0000000089000000, 0x0000000089000000| Untracked 
|  91|0x0000000089100000, 0x0000000089100000, 0x0000000089200000|  0%| F|  |TAMS 0x0000000089100000, 0x0000000089100000| Untracked 
|  92|0x0000000089200000, 0x0000000089200000, 0x0000000089300000|  0%| F|  |TAMS 0x0000000089200000, 0x0000000089200000| Untracked 
|  93|0x0000000089300000, 0x0000000089300000, 0x0000000089400000|  0%| F|  |TAMS 0x0000000089300000, 0x0000000089300000| Untracked 
|  94|0x0000000089400000, 0x0000000089400000, 0x0000000089500000|  0%| F|  |TAMS 0x0000000089400000, 0x0000000089400000| Untracked 
|  95|0x0000000089500000, 0x0000000089500000, 0x0000000089600000|  0%| F|  |TAMS 0x0000000089500000, 0x0000000089500000| Untracked 
|  96|0x0000000089600000, 0x0000000089600000, 0x0000000089700000|  0%| F|  |TAMS 0x0000000089600000, 0x0000000089600000| Untracked 
|  97|0x0000000089700000, 0x0000000089700000, 0x0000000089800000|  0%| F|  |TAMS 0x0000000089700000, 0x0000000089700000| Untracked 
|  98|0x0000000089800000, 0x0000000089800000, 0x0000000089900000|  0%| F|  |TAMS 0x0000000089800000, 0x0000000089800000| Untracked 
|  99|0x0000000089900000, 0x0000000089900000, 0x0000000089a00000|  0%| F|  |TAMS 0x0000000089900000, 0x0000000089900000| Untracked 
| 100|0x0000000089a00000, 0x0000000089a00000, 0x0000000089b00000|  0%| F|  |TAMS 0x0000000089a00000, 0x0000000089a00000| Untracked 
| 101|0x0000000089b00000, 0x0000000089b00000, 0x0000000089c00000|  0%| F|  |TAMS 0x0000000089b00000, 0x0000000089b00000| Untracked 
| 102|0x0000000089c00000, 0x0000000089c00000, 0x0000000089d00000|  0%| F|  |TAMS 0x0000000089c00000, 0x0000000089c00000| Untracked 
| 103|0x0000000089d00000, 0x0000000089d00000, 0x0000000089e00000|  0%| F|  |TAMS 0x0000000089d00000, 0x0000000089d00000| Untracked 
| 104|0x0000000089e00000, 0x0000000089e00000, 0x0000000089f00000|  0%| F|  |TAMS 0x0000000089e00000, 0x0000000089e00000| Untracked 
| 105|0x0000000089f00000, 0x0000000089f00000, 0x000000008a000000|  0%| F|  |TAMS 0x0000000089f00000, 0x0000000089f00000| Untracked 
| 106|0x000000008a000000, 0x000000008a000000, 0x000000008a100000|  0%| F|  |TAMS 0x000000008a000000, 0x000000008a000000| Untracked 
| 107|0x000000008a100000, 0x000000008a100000, 0x000000008a200000|  0%| F|  |TAMS 0x000000008a100000, 0x000000008a100000| Untracked 
| 108|0x000000008a200000, 0x000000008a200000, 0x000000008a300000|  0%| F|  |TAMS 0x000000008a200000, 0x000000008a200000| Untracked 
| 109|0x000000008a300000, 0x000000008a300000, 0x000000008a400000|  0%| F|  |TAMS 0x000000008a300000, 0x000000008a300000| Untracked 
| 110|0x000000008a400000, 0x000000008a400000, 0x000000008a500000|  0%| F|  |TAMS 0x000000008a400000, 0x000000008a400000| Untracked 
| 111|0x000000008a500000, 0x000000008a500000, 0x000000008a600000|  0%| F|  |TAMS 0x000000008a500000, 0x000000008a500000| Untracked 
| 112|0x000000008a600000, 0x000000008a600000, 0x000000008a700000|  0%| F|  |TAMS 0x000000008a600000, 0x000000008a600000| Untracked 
| 113|0x000000008a700000, 0x000000008a700000, 0x000000008a800000|  0%| F|  |TAMS 0x000000008a700000, 0x000000008a700000| Untracked 
| 114|0x000000008a800000, 0x000000008a800000, 0x000000008a900000|  0%| F|  |TAMS 0x000000008a800000, 0x000000008a800000| Untracked 
| 115|0x000000008a900000, 0x000000008a900000, 0x000000008aa00000|  0%| F|  |TAMS 0x000000008a900000, 0x000000008a900000| Untracked 
| 116|0x000000008aa00000, 0x000000008aa00000, 0x000000008ab00000|  0%| F|  |TAMS 0x000000008aa00000, 0x000000008aa00000| Untracked 
| 117|0x000000008ab00000, 0x000000008ab00000, 0x000000008ac00000|  0%| F|  |TAMS 0x000000008ab00000, 0x000000008ab00000| Untracked 
| 118|0x000000008ac00000, 0x000000008ac00000, 0x000000008ad00000|  0%| F|  |TAMS 0x000000008ac00000, 0x000000008ac00000| Untracked 
| 119|0x000000008ad00000, 0x000000008ad00000, 0x000000008ae00000|  0%| F|  |TAMS 0x000000008ad00000, 0x000000008ad00000| Untracked 
| 120|0x000000008ae00000, 0x000000008ae00000, 0x000000008af00000|  0%| F|  |TAMS 0x000000008ae00000, 0x000000008ae00000| Untracked 
| 121|0x000000008af00000, 0x000000008af00000, 0x000000008b000000|  0%| F|  |TAMS 0x000000008af00000, 0x000000008af00000| Untracked 
| 122|0x000000008b000000, 0x000000008b000000, 0x000000008b100000|  0%| F|  |TAMS 0x000000008b000000, 0x000000008b000000| Untracked 
| 123|0x000000008b100000, 0x000000008b100000, 0x000000008b200000|  0%| F|  |TAMS 0x000000008b100000, 0x000000008b100000| Untracked 
| 124|0x000000008b200000, 0x000000008b2ec508, 0x000000008b300000| 92%| E|  |TAMS 0x000000008b200000, 0x000000008b200000| Complete 
| 125|0x000000008b300000, 0x000000008b400000, 0x000000008b400000|100%| E|CS|TAMS 0x000000008b300000, 0x000000008b300000| Complete 

Card table byte_map: [0x00000263cb240000,0x00000263cb630000] _byte_map_base: 0x00000263cae25000

Marking Bits (Prev, Next): (CMBitMap*) 0x00000263b3855b60, (CMBitMap*) 0x00000263b3855b28
 Prev Bits: [0x00000263cd950000, 0x00000263cf878000)
 Next Bits: [0x00000263cba20000, 0x00000263cd948000)

Polling page: 0x00000263b2f40000

Metaspace:

Usage:
  Non-class:     18.42 MB capacity,    18.01 MB ( 98%) used,   341.90 KB (  2%) free+waste,    77.44 KB ( <1%) overhead. 
      Class:      2.51 MB capacity,     2.22 MB ( 88%) used,   258.79 KB ( 10%) free+waste,    39.13 KB (  2%) overhead. 
       Both:     20.93 MB capacity,    20.23 MB ( 97%) used,   600.69 KB (  3%) free+waste,   116.56 KB ( <1%) overhead. 

Virtual space:
  Non-class space:       20.00 MB reserved,      18.50 MB ( 93%) committed 
      Class space:        1.00 GB reserved,       2.63 MB ( <1%) committed 
             Both:        1.02 GB reserved,      21.13 MB (  2%) committed 

Chunk freelists:
   Non-Class:  2.38 KB
       Class:  0 bytes
        Both:  2.38 KB

CodeHeap 'non-profiled nmethods': size=120000Kb used=697Kb max_used=697Kb free=119302Kb
 bounds [0x00000263c35f0000, 0x00000263c3860000, 0x00000263cab20000]
CodeHeap 'profiled nmethods': size=120000Kb used=3740Kb max_used=3740Kb free=116259Kb
 bounds [0x00000263bc0c0000, 0x00000263bc470000, 0x00000263c35f0000]
CodeHeap 'non-nmethods': size=5760Kb used=1148Kb max_used=1175Kb free=4611Kb
 bounds [0x00000263bbb20000, 0x00000263bbd90000, 0x00000263bc0c0000]
 total_blobs=2697 nmethods=1822 adapters=379
 compilation: enabled
              stopped_count=0, restarted_count=0
 full_count=0

Compilation events (10 events):
Event: 3.461 Thread 0x00000263d2b3c000 1819   !   3       java.lang.invoke.CallSite::makeSite (91 bytes)
Event: 3.462 Thread 0x00000263d2b3c000 nmethod 1819 0x00000263bc459c90 code [0x00000263bc459fe0, 0x00000263bc45b280]
Event: 3.462 Thread 0x00000263d2b3c000 1820   !   3       java.lang.invoke.BootstrapMethodInvoker::invoke (688 bytes)
Event: 3.467 Thread 0x00000263d2b3c000 nmethod 1820 0x00000263bc45bc90 code [0x00000263bc45c4c0, 0x00000263bc462f10]
Event: 3.467 Thread 0x00000263d2b3c000 1821       3       java.lang.invoke.MethodHandleNatives::staticArgumentsPulled (5 bytes)
Event: 3.467 Thread 0x00000263d2b3c000 nmethod 1821 0x00000263bc465c90 code [0x00000263bc465e40, 0x00000263bc466078]
Event: 3.467 Thread 0x00000263d2b3c000 1822       3       java.lang.invoke.Invokers::checkExactType (17 bytes)
Event: 3.467 Thread 0x00000263d2b3c000 nmethod 1822 0x00000263bc466110 code [0x00000263bc4662e0, 0x00000263bc466530]
Event: 3.467 Thread 0x00000263d2b3c000 1824       3       java.lang.invoke.ConstantCallSite::<init> (11 bytes)
Event: 3.467 Thread 0x00000263d2b3c000 nmethod 1824 0x00000263bc466610 code [0x00000263bc466840, 0x00000263bc467070]

GC Heap History (4 events):
Event: 0.583 GC heap before
{Heap before GC invocations=0 (full 0):
 garbage-first heap   total 129024K, used 26624K [0x0000000083600000, 0x0000000100000000)
  region size 1024K, 24 young (24576K), 0 survivors (0K)
 Metaspace       used 10595K, capacity 10781K, committed 11008K, reserved 1058816K
  class space    used 960K, capacity 1013K, committed 1024K, reserved 1048576K
}
Event: 0.588 GC heap after
{Heap after GC invocations=1 (full 0):
 garbage-first heap   total 129024K, used 6549K [0x0000000083600000, 0x0000000100000000)
  region size 1024K, 3 young (3072K), 3 survivors (3072K)
 Metaspace       used 10595K, capacity 10781K, committed 11008K, reserved 1058816K
  class space    used 960K, capacity 1013K, committed 1024K, reserved 1048576K
}
Event: 3.429 GC heap before
{Heap before GC invocations=1 (full 0):
 garbage-first heap   total 129024K, used 41365K [0x0000000083600000, 0x0000000100000000)
  region size 1024K, 38 young (38912K), 3 survivors (3072K)
 Metaspace       used 20538K, capacity 21182K, committed 21248K, reserved 1069056K
  class space    used 2239K, capacity 2531K, committed 2560K, reserved 1048576K
}
Event: 3.438 GC heap after
{Heap after GC invocations=2 (full 0):
 garbage-first heap   total 129024K, used 10224K [0x0000000083600000, 0x0000000100000000)
  region size 1024K, 7 young (7168K), 7 survivors (7168K)
 Metaspace       used 20538K, capacity 21182K, committed 21248K, reserved 1069056K
  class space    used 2239K, capacity 2531K, committed 2560K, reserved 1048576K
}

Deoptimization events (10 events):
Event: 1.181 Thread 0x00000263b3814000 Uncommon trap: reason=unstable_if action=reinterpret pc=0x00000263c3623ab8 method=java.lang.CharacterDataLatin1.digit(II)I @ 7 c2
Event: 1.181 Thread 0x00000263b3814000 Uncommon trap: reason=unstable_if action=reinterpret pc=0x00000263c3623730 method=java.lang.CharacterDataLatin1.digit(II)I @ 7 c2
Event: 1.181 Thread 0x00000263b3814000 Uncommon trap: reason=unstable_if action=reinterpret pc=0x00000263c365cd54 method=java.util.concurrent.ConcurrentHashMap.putVal(Ljava/lang/Object;Ljava/lang/Object;Z)Ljava/lang/Object; @ 231 c2
Event: 1.281 Thread 0x00000263b3814000 Uncommon trap: reason=class_check action=maybe_recompile pc=0x00000263c3663070 method=java.util.Properties$LineReader.readLine()I @ 527 c2
Event: 1.371 Thread 0x00000263b3814000 Uncommon trap: reason=unstable_if action=reinterpret pc=0x00000263c3655fe8 method=java.io.BufferedReader.readLine(Z)Ljava/lang/String; @ 55 c2
Event: 1.384 Thread 0x00000263b3814000 Uncommon trap: reason=unstable_if action=reinterpret pc=0x00000263c362d238 method=java.util.HashMap.getNode(ILjava/lang/Object;)Ljava/util/HashMap$Node; @ 62 c2
Event: 1.384 Thread 0x00000263b3814000 Uncommon trap: reason=class_check action=maybe_recompile pc=0x00000263c3636a90 method=java.util.HashMap.putVal(ILjava/lang/Object;Ljava/lang/Object;ZZ)Ljava/lang/Object; @ 91 c2
Event: 1.384 Thread 0x00000263b3814000 Uncommon trap: reason=class_check action=maybe_recompile pc=0x00000263c3636a90 method=java.util.HashMap.putVal(ILjava/lang/Object;Ljava/lang/Object;ZZ)Ljava/lang/Object; @ 91 c2
Event: 1.569 Thread 0x00000263d3e5c800 Uncommon trap: reason=unstable_if action=reinterpret pc=0x00000263c3681730 method=jdk.internal.org.objectweb.asm.Type.getArgumentsAndReturnSizes(Ljava/lang/String;)I @ 88 c2
Event: 3.329 Thread 0x00000263b3814000 Uncommon trap: reason=unstable_if action=reinterpret pc=0x00000263c36316cc method=java.io.ByteArrayInputStream.read([BII)I @ 35 c2

Classes redefined (0 events):
No events

Internal exceptions (10 events):
Event: 3.313 Thread 0x00000263b3814000 Exception <a 'java/lang/NoSuchMethodError'{0x000000008926e970}: java.lang.invoke.DirectMethodHandle$Holder.invokeStatic(Ljava/lang/Object;Ljava/lang/Object;I)V> (0x000000008926e970) thrown at [t:/workspace/open/src/hotspot/share/interpreter/linkResolver.c
Event: 3.344 Thread 0x00000263b3814000 Exception <a 'java/lang/NoSuchMethodError'{0x00000000891d1368}: java.lang.invoke.DirectMethodHandle$Holder.invokeStatic(Ljava/lang/Object;Ljava/lang/Object;Ljava/lang/Object;Ljava/lang/Object;)V> (0x00000000891d1368) thrown at [t:/workspace/open/src/hotsp
Event: 3.390 Thread 0x00000263d3f07800 Exception <a 'java/lang/NoSuchMethodError'{0x0000000088f4add0}: java.lang.invoke.DirectMethodHandle$Holder.invokeStatic(Ljava/lang/Object;Ljava/lang/Object;Ljava/lang/Object;Ljava/lang/Object;Ljava/lang/Object;Ljava/lang/Object;Ljava/lang/Object;Ljava/lan
Event: 3.392 Thread 0x00000263d3f07800 Exception <a 'java/lang/NoSuchMethodError'{0x0000000088f58b40}: java.lang.invoke.DirectMethodHandle$Holder.invokeStatic(Ljava/lang/Object;Ljava/lang/Object;Ljava/lang/Object;Ljava/lang/Object;Ljava/lang/Object;Ljava/lang/Object;Ljava/lang/Object;Ljava/lan
Event: 3.393 Thread 0x00000263d3f07800 Exception <a 'java/lang/NoSuchMethodError'{0x0000000088f66a58}: java.lang.invoke.DirectMethodHandle$Holder.invokeSpecial(Ljava/lang/Object;Ljava/lang/Object;IILjava/lang/Object;Ljava/lang/Object;Ljava/lang/Object;I)Ljava/lang/Object;> (0x0000000088f66a58)
Event: 3.393 Thread 0x00000263d3f07800 Exception <a 'java/lang/NoSuchMethodError'{0x0000000088f6a088}: java.lang.invoke.DelegatingMethodHandle$Holder.reinvoke_L(Ljava/lang/Object;IILjava/lang/Object;Ljava/lang/Object;Ljava/lang/Object;I)Ljava/lang/Object;> (0x0000000088f6a088) thrown at [t:/wo
Event: 3.394 Thread 0x00000263d3f07800 Exception <a 'java/lang/NoSuchMethodError'{0x0000000088f786e0}: java.lang.invoke.DirectMethodHandle$Holder.invokeStatic(Ljava/lang/Object;Ljava/lang/Object;Ljava/lang/Object;Ljava/lang/Object;Ljava/lang/Object;Ljava/lang/Object;I)Ljava/lang/Object;> (0x00
Event: 3.400 Thread 0x00000263d3f07800 Exception <a 'java/lang/NoSuchMethodError'{0x0000000088fe6c68}: java.lang.invoke.DirectMethodHandle$Holder.invokeSpecial(Ljava/lang/Object;Ljava/lang/Object;Ljava/lang/Object;Ljava/lang/Object;Ljava/lang/Object;I)Ljava/lang/Object;> (0x0000000088fe6c68) t
Event: 3.422 Thread 0x00000263d3f07800 Exception <a 'java/lang/NoSuchMethodError'{0x0000000088e435a0}: java.lang.invoke.DirectMethodHandle$Holder.invokeSpecial(Ljava/lang/Object;Ljava/lang/Object;Ljava/lang/Object;Ljava/lang/Object;Ljava/lang/Object;)V> (0x0000000088e435a0) thrown at [t:/works
Event: 3.427 Thread 0x00000263d3f07800 Exception <a 'java/lang/NoSuchMethodError'{0x0000000088e67160}: java.lang.invoke.DirectMethodHandle$Holder.invokeStatic(Ljava/lang/Object;JJ)J> (0x0000000088e67160) thrown at [t:/workspace/open/src/hotspot/share/interpreter/linkResolver.cpp, line 772]

Events (10 events):
Event: 3.460 loading class jdk/internal/net/http/Http1Response
Event: 3.460 loading class jdk/internal/net/http/Http1Response done
Event: 3.460 loading class java/util/concurrent/CompletableFuture$UniApply
Event: 3.461 loading class java/util/concurrent/CompletableFuture$UniApply done
Event: 3.461 loading class jdk/internal/net/http/Response
Event: 3.461 loading class jdk/internal/net/http/Response done
Event: 3.461 loading class jdk/internal/net/http/Response
Event: 3.461 loading class jdk/internal/net/http/Response done
Event: 3.461 loading class jdk/internal/net/http/Exchange
Event: 3.461 loading class jdk/internal/net/http/Exchange done


Dynamic libraries:
0x00007ff74faa0000 - 0x00007ff74fae5000 	C:\Program Files\Java\openjdk-11.0.2_windows-x64_bin\jdk-11.0.2\bin\java.exe
0x00007ff83ec30000 - 0x00007ff83ee47000 	C:\WINDOWS\SYSTEM32\ntdll.dll
0x00007ff83cff0000 - 0x00007ff83d0b4000 	C:\WINDOWS\System32\KERNEL32.DLL
0x00007ff83bde0000 - 0x00007ff83c1b3000 	C:\WINDOWS\System32\KERNELBASE.dll
0x00007ff83d0c0000 - 0x00007ff83d271000 	C:\WINDOWS\System32\USER32.dll
0x00007ff83c570000 - 0x00007ff83c596000 	C:\WINDOWS\System32\win32u.dll
0x00007ff83ca70000 - 0x00007ff83ca99000 	C:\WINDOWS\System32\GDI32.dll
0x00007ff83c300000 - 0x00007ff83c41b000 	C:\WINDOWS\System32\gdi32full.dll
0x00007ff83bd40000 - 0x00007ff83bdda000 	C:\WINDOWS\System32\msvcp_win.dll
0x00007ff83c420000 - 0x00007ff83c531000 	C:\WINDOWS\System32\ucrtbase.dll
0x00007ff820dd0000 - 0x00007ff821068000 	C:\WINDOWS\WinSxS\amd64_microsoft.windows.common-controls_6595b64144ccf1df_6.0.22621.5124_none_270e8f4f7386d69d\COMCTL32.dll
0x00007ff83eb40000 - 0x00007ff83ebe7000 	C:\WINDOWS\System32\msvcrt.dll
0x00007ff83d580000 - 0x00007ff83d5b1000 	C:\WINDOWS\System32\IMM32.DLL
0x00007ff833470000 - 0x00007ff833486000 	C:\Program Files\Java\openjdk-11.0.2_windows-x64_bin\jdk-11.0.2\bin\vcruntime140.dll
0x00007ff8232e0000 - 0x00007ff82338a000 	C:\Program Files\Java\openjdk-11.0.2_windows-x64_bin\jdk-11.0.2\bin\msvcp140.dll
0x00007fffeef10000 - 0x00007fffefa33000 	C:\Program Files\Java\openjdk-11.0.2_windows-x64_bin\jdk-11.0.2\bin\server\jvm.dll
0x00007ff83cb90000 - 0x00007ff83cc41000 	C:\WINDOWS\System32\ADVAPI32.dll
0x00007ff83df40000 - 0x00007ff83dfe8000 	C:\WINDOWS\System32\sechost.dll
0x00007ff83c540000 - 0x00007ff83c568000 	C:\WINDOWS\System32\bcrypt.dll
0x00007ff83de20000 - 0x00007ff83df34000 	C:\WINDOWS\System32\RPCRT4.dll
0x00007ff83c8d0000 - 0x00007ff83c8d8000 	C:\WINDOWS\System32\PSAPI.DLL
0x00007ff832b40000 - 0x00007ff832b4a000 	C:\WINDOWS\SYSTEM32\VERSION.dll
0x00007ff834870000 - 0x00007ff834879000 	C:\WINDOWS\SYSTEM32\WSOCK32.dll
0x00007ff83c9f0000 - 0x00007ff83ca61000 	C:\WINDOWS\System32\WS2_32.dll
0x00007ff837390000 - 0x00007ff8373c4000 	C:\WINDOWS\SYSTEM32\WINMM.dll
0x00007ff83ae20000 - 0x00007ff83ae38000 	C:\WINDOWS\SYSTEM32\kernel.appcore.dll
0x00007ff833430000 - 0x00007ff833441000 	C:\Program Files\Java\openjdk-11.0.2_windows-x64_bin\jdk-11.0.2\bin\verify.dll
0x00007ff8396b0000 - 0x00007ff8398e2000 	C:\WINDOWS\SYSTEM32\DBGHELP.DLL
0x00007ff83cc50000 - 0x00007ff83cfe2000 	C:\WINDOWS\System32\combase.dll
0x00007ff83d5c0000 - 0x00007ff83d697000 	C:\WINDOWS\System32\OLEAUT32.dll
0x00007ff837350000 - 0x00007ff837382000 	C:\WINDOWS\SYSTEM32\dbgcore.DLL
0x00007ff83c280000 - 0x00007ff83c2fb000 	C:\WINDOWS\System32\bcryptPrimitives.dll
0x00007ff833400000 - 0x00007ff833428000 	C:\Program Files\Java\openjdk-11.0.2_windows-x64_bin\jdk-11.0.2\bin\java.dll
0x00007ff8165d0000 - 0x00007ff8165ff000 	C:\Program Files\Java\openjdk-11.0.2_windows-x64_bin\jdk-11.0.2\bin\instrument.dll
0x00007ff833390000 - 0x00007ff8333a6000 	C:\Program Files\Java\openjdk-11.0.2_windows-x64_bin\jdk-11.0.2\bin\zip.dll
0x00007ff836ee0000 - 0x00007ff836eea000 	C:\Program Files\Java\openjdk-11.0.2_windows-x64_bin\jdk-11.0.2\bin\jimage.dll
0x00007ff83dff0000 - 0x00007ff83e886000 	C:\WINDOWS\System32\SHELL32.dll
0x00007ff83c5a0000 - 0x00007ff83c6df000 	C:\WINDOWS\System32\wintypes.dll
0x00007ff839c20000 - 0x00007ff83a53a000 	C:\WINDOWS\SYSTEM32\windows.storage.dll
0x00007ff83ea30000 - 0x00007ff83eb3a000 	C:\WINDOWS\System32\SHCORE.dll
0x00007ff83d2a0000 - 0x00007ff83d303000 	C:\WINDOWS\System32\shlwapi.dll
0x00007ff83bc70000 - 0x00007ff83bc9b000 	C:\WINDOWS\SYSTEM32\profapi.dll
0x00007ff833360000 - 0x00007ff833379000 	C:\Program Files\Java\openjdk-11.0.2_windows-x64_bin\jdk-11.0.2\bin\net.dll
0x00007ff81f520000 - 0x00007ff81f715000 	C:\WINDOWS\SYSTEM32\urlmon.dll
0x00007ff837220000 - 0x00007ff83734c000 	C:\WINDOWS\SYSTEM32\WINHTTP.dll
0x00007ff8209d0000 - 0x00007ff8209f8000 	C:\WINDOWS\SYSTEM32\srvcli.dll
0x00007ff81f260000 - 0x00007ff81f51f000 	C:\WINDOWS\SYSTEM32\iertutil.dll
0x00007ff83a950000 - 0x00007ff83a95c000 	C:\WINDOWS\SYSTEM32\netutils.dll
0x00007ff83b290000 - 0x00007ff83b2fa000 	C:\WINDOWS\system32\mswsock.dll
0x00007ff830030000 - 0x00007ff830043000 	C:\Program Files\Java\openjdk-11.0.2_windows-x64_bin\jdk-11.0.2\bin\nio.dll
0x00007ff81b190000 - 0x00007ff81b1aa000 	C:\Program Files\JetBrains\IntelliJ IDEA Community Edition 2018.3.6\bin\breakgen64.dll
0x00007ff8165a0000 - 0x00007ff8165c7000 	C:\Program Files\Java\openjdk-11.0.2_windows-x64_bin\jdk-11.0.2\bin\sunec.dll
0x00007ff83b530000 - 0x00007ff83b54b000 	C:\WINDOWS\SYSTEM32\CRYPTSP.dll
0x00007ff83ad80000 - 0x00007ff83adb7000 	C:\WINDOWS\system32\rsaenh.dll
0x00007ff83b330000 - 0x00007ff83b358000 	C:\WINDOWS\SYSTEM32\USERENV.dll
0x00007ff83b490000 - 0x00007ff83b49c000 	C:\WINDOWS\SYSTEM32\CRYPTBASE.dll
0x00007ff83a760000 - 0x00007ff83a78d000 	C:\WINDOWS\SYSTEM32\IPHLPAPI.DLL
0x00007ff83de10000 - 0x00007ff83de19000 	C:\WINDOWS\System32\NSI.dll
0x00007ff837050000 - 0x00007ff837069000 	C:\WINDOWS\SYSTEM32\dhcpcsvc6.DLL
0x00007ff837070000 - 0x00007ff83708f000 	C:\WINDOWS\SYSTEM32\dhcpcsvc.DLL
0x00007ff83a7c0000 - 0x00007ff83a8c2000 	C:\WINDOWS\SYSTEM32\DNSAPI.dll
0x00007ff833970000 - 0x00007ff83397a000 	C:\Windows\System32\rasadhlp.dll
0x00007ff834120000 - 0x00007ff8341a3000 	C:\WINDOWS\System32\fwpuclnt.dll
0x00007ff833d90000 - 0x00007ff833d99000 	C:\Program Files\Java\openjdk-11.0.2_windows-x64_bin\jdk-11.0.2\bin\management.dll
0x00007ff8333c0000 - 0x00007ff8333cc000 	C:\Program Files\Java\openjdk-11.0.2_windows-x64_bin\jdk-11.0.2\bin\management_ext.dll

dbghelp: loaded successfully - version: 4.0.5 - missing functions: none
symbol engine: initialized successfully - sym options: 0x614 - pdb path: .;C:\Program Files\Java\openjdk-11.0.2_windows-x64_bin\jdk-11.0.2\bin;C:\WINDOWS\SYSTEM32;C:\WINDOWS\WinSxS\amd64_microsoft.windows.common-controls_6595b64144ccf1df_6.0.22621.5124_none_270e8f4f7386d69d;C:\Program Files\Java\openjdk-11.0.2_windows-x64_bin\jdk-11.0.2\bin\server;C:\Program Files\JetBrains\IntelliJ IDEA Community Edition 2018.3.6\bin

VM Arguments:
jvm_args: -javaagent:C:\Program Files\JetBrains\IntelliJ IDEA Community Edition 2018.3.6\lib\idea_rt.jar=61251:C:\Program Files\JetBrains\IntelliJ IDEA Community Edition 2018.3.6\bin -Dfile.encoding=UTF-8 
java_command: mouseOverExplanation
java_class_path (initial): C:\Users\91918\IdeaProjects\AkhilTest\target\test-classes;C:\Users\91918\IdeaProjects\AkhilTest\target\classes;C:\Users\91918\.m2\repository\org\seleniumhq\selenium\selenium-java\4.31.0\selenium-java-4.31.0.jar;C:\Users\91918\.m2\repository\org\seleniumhq\selenium\selenium-api\4.31.0\selenium-api-4.31.0.jar;C:\Users\91918\.m2\repository\org\jspecify\jspecify\1.0.0\jspecify-1.0.0.jar;C:\Users\91918\.m2\repository\org\seleniumhq\selenium\selenium-chrome-driver\4.31.0\selenium-chrome-driver-4.31.0.jar;C:\Users\91918\.m2\repository\com\google\auto\service\auto-service-annotations\1.1.1\auto-service-annotations-1.1.1.jar;C:\Users\91918\.m2\repository\org\seleniumhq\selenium\selenium-chromium-driver\4.31.0\selenium-chromium-driver-4.31.0.jar;C:\Users\91918\.m2\repository\org\seleniumhq\selenium\selenium-json\4.31.0\selenium-json-4.31.0.jar;C:\Users\91918\.m2\repository\org\seleniumhq\selenium\selenium-manager\4.31.0\selenium-manager-4.31.0.jar;C:\Users\91918\.m2\repository\org\seleniumhq\selenium\selenium-devtools-v133\4.31.0\selenium-devtools-v133-4.31.0.jar;C:\Users\91918\.m2\repository\org\seleniumhq\selenium\selenium-devtools-v134\4.31.0\selenium-devtools-v134-4.31.0.jar;C:\Users\91918\.m2\repository\org\seleniumhq\selenium\selenium-devtools-v135\4.31.0\selenium-devtools-v135-4.31.0.jar;C:\Users\91918\.m2\repository\org\seleniumhq\selenium\selenium-edge-driver\4.31.0\selenium-edge-driver-4.31.0.jar;C:\Users\91918\.m2\repository\org\seleniumhq\selenium\selenium-firefox-driver\4.31.0\selenium-firefox-driver-4.31.0.jar;C:\Users\91918\.m2\repository\org\seleniumhq\selenium\selenium-http\4.31.0\selenium-http-4.31.0.jar;C:\Users\91918\.m2\repository\org\seleniumhq\selenium\selenium-ie-driver\4.31.0\selenium-ie-driver-4.31.0.jar;C:\Users\91918\.m2\repository\org\seleniumhq\selenium\selenium-remote-driver\4.31.0\selenium-remote-driver-4.31.0.jar;C:\Users\91918\.m2\repository\com\google\guava\guava\33.4.6-jre\guava-33.4.6-jre.jar;C:\Users\91918\.m2
Launcher Type: SUN_STANDARD

[Global flags]
     intx CICompilerCount                          = 4                                         {product} {ergonomic}
     uint ConcGCThreads                            = 2                                         {product} {ergonomic}
     uint G1ConcRefinementThreads                  = 8                                         {product} {ergonomic}
   size_t G1HeapRegionSize                         = 1048576                                   {product} {ergonomic}
    uintx GCDrainStackTargetSize                   = 64                                        {product} {ergonomic}
   size_t InitialHeapSize                          = 132120576                                 {product} {ergonomic}
   size_t MarkStackSize                            = 4194304                                   {product} {ergonomic}
   size_t MaxHeapSize                              = 2090860544                                {product} {ergonomic}
   size_t MaxNewSize                               = 1254096896                                {product} {ergonomic}
   size_t MinHeapDeltaBytes                        = 1048576                                   {product} {ergonomic}
    uintx NonNMethodCodeHeapSize                   = 5835340                                {pd product} {ergonomic}
    uintx NonProfiledCodeHeapSize                  = 122911450                              {pd product} {ergonomic}
    uintx ProfiledCodeHeapSize                     = 122911450                              {pd product} {ergonomic}
    uintx ReservedCodeCacheSize                    = 251658240                              {pd product} {ergonomic}
     bool SegmentedCodeCache                       = true                                      {product} {ergonomic}
     bool UseCompressedClassPointers               = true                                 {lp64_product} {ergonomic}
     bool UseCompressedOops                        = true                                 {lp64_product} {ergonomic}
     bool UseG1GC                                  = true                                      {product} {ergonomic}
     bool UseLargePagesIndividualAllocation        = false                                  {pd product} {ergonomic}

Logging:
Log output configuration:
 #0: stdout all=warning uptime,level,tags
 #1: stderr all=off uptime,level,tags

Environment Variables:
JAVA_HOME=C:\Program Files\Java\jdk-17
PATH=C:\Program Files\Common Files\Oracle\Java\javapath;C:\Program Files\Python311\Scripts\;C:\Program Files\Python311\;C:\WINDOWS\system32;C:\WINDOWS;C:\WINDOWS\System32\Wbem;C:\WINDOWS\System32\WindowsPowerShell\v1.0\;C:\WINDOWS\System32\OpenSSH\;C:\Program Files\Docker\Docker\resources\bin;C:\ProgramData\DockerDesktop\version-bin;C:\Program Files\Git\cmd;C:\Users\91918\Downloads\openjdk-11.0.2_windows-x64_bin\jdk-11.0.2\bin;C:\Users\91918\AppData\Local\Microsoft\WindowsApps;C:\Users\91918\AppData\Local\Programs\Microsoft VS Code\bin;C:\Program Files\Java\jdk-17\bin;
USERNAME=91918
OS=Windows_NT
PROCESSOR_IDENTIFIER=Intel64 Family 6 Model 140 Stepping 1, GenuineIntel



---------------  S Y S T E M  ---------------

OS: Windows 10 , 64 bit Build 22621 (10.0.22621.5124)

CPU:total 8 (initial active 8) (4 cores per cpu, 2 threads per core) family 6 model 140 stepping 1, cmov, cx8, fxsr, mmx, sse, sse2, sse3, ssse3, sse4.1, sse4.2, popcnt, avx, avx2, aes, clmul, erms, 3dnowpref, lzcnt, ht, tsc, tscinvbit, bmi1, bmi2, adx, evex, sha, fma

Memory: 4k page, system-wide physical 7975M (304M free)
TotalPageFile size 20639M (AvailPageFile size 5M)
current process WorkingSet (physical memory assigned to process): 136M, peak: 139M
current process commit charge ("private bytes"): 256M, peak: 260M

vm_info: OpenJDK 64-Bit Server VM (11.0.2+9) for windows-amd64 JRE (11.0.2+9), built on Jan 18 2019 05:23:22 by "mach5one" with MS VC++ 15.5 (VS2017)

END.
